  main.cpp
c:\program boss\game-develope\sfmlanimation\sfmlanimation\consts.h(23): warning C4305: инициализация: усечение из "double" к "float"
c:\program boss\game-develope\sfmlanimation\sfmlanimation\consts.h(26): warning C4244: инициализация: преобразование "double" в "int", возможна потеря данных
c:\program boss\game-develope\sfmlanimation\sfmlanimation\main.cpp(21): warning C4244: аргумент: преобразование "const unsigned int" в "float", возможна потеря данных
c:\c programs\visual studio\vc\include\utility(175): warning C4244: инициализация: преобразование "double" в "float", возможна потеря данных
  c:\program boss\game-develope\sfmlanimation\sfmlanimation\animations.h(98): note: см. ссылку на создание экземпляров функции шаблон при компиляции "std::pair<const _Kty,_Ty>::pair<const char(&)[2],double,void,0>(_Other1,_Other2 &&) noexcept(false)"
          with
          [
              _Kty=std::string,
              _Ty=float,
              _Other1=const char (&)[2],
              _Other2=double
          ]
  c:\program boss\game-develope\sfmlanimation\sfmlanimation\animations.h(9): note: см. ссылку на создание экземпляров функции шаблон при компиляции "std::pair<const _Kty,_Ty>::pair<const char(&)[2],double,void,0>(_Other1,_Other2 &&) noexcept(false)"
          with
          [
              _Kty=std::string,
              _Ty=float,
              _Other1=const char (&)[2],
              _Other2=double
          ]
c:\c programs\visual studio\vc\include\utility(175): warning C4244: инициализация: преобразование "int" в "float", возможна потеря данных
  c:\program boss\game-develope\sfmlanimation\sfmlanimation\animations.h(98): note: см. ссылку на создание экземпляров функции шаблон при компиляции "std::pair<const _Kty,_Ty>::pair<const char(&)[2],int,void,0>(_Other1,_Other2 &&) noexcept(false)"
          with
          [
              _Kty=std::string,
              _Ty=float,
              _Other1=const char (&)[2],
              _Other2=int
          ]
  c:\program boss\game-develope\sfmlanimation\sfmlanimation\animations.h(9): note: см. ссылку на создание экземпляров функции шаблон при компиляции "std::pair<const _Kty,_Ty>::pair<const char(&)[2],int,void,0>(_Other1,_Other2 &&) noexcept(false)"
          with
          [
              _Kty=std::string,
              _Ty=float,
              _Other1=const char (&)[2],
              _Other2=int
          ]
c:\c programs\visual studio\vc\include\utility(175): warning C4244: инициализация: преобразование "const unsigned int" в "float", возможна потеря данных
  c:\program boss\game-develope\sfmlanimation\sfmlanimation\animations.h(98): note: см. ссылку на создание экземпляров функции шаблон при компиляции "std::pair<const _Kty,_Ty>::pair<const char(&)[3],const unsigned int&,void,0>(_Other1,_Other2) noexcept(false)"
          with
          [
              _Kty=std::string,
              _Ty=float,
              _Other1=const char (&)[3],
              _Other2=const unsigned int &
          ]
  c:\program boss\game-develope\sfmlanimation\sfmlanimation\animations.h(9): note: см. ссылку на создание экземпляров функции шаблон при компиляции "std::pair<const _Kty,_Ty>::pair<const char(&)[3],const unsigned int&,void,0>(_Other1,_Other2) noexcept(false)"
          with
          [
              _Kty=std::string,
              _Ty=float,
              _Other1=const char (&)[3],
              _Other2=const unsigned int &
          ]
  SfmlAnimation.vcxproj -> C:\Program boss\game-develope\SfmlAnimation\x64\Debug\SfmlAnimation.exe
